Native thread-sleep not available.
This will result in much slower performance, but it will still work.
You should re-install spawn-sync or upgrade to the lastest version of node if possible.
Check /home/peace/myblog/hexo/node_modules/hexo/node_modules/hexo-util/node_modules/cross-spawn/node_modules/spawn-sync/error.log for more details
Native thread-sleep not available.
This will result in much slower performance, but it will still work.
You should re-install spawn-sync or upgrade to the lastest version of node if possible.
Check /home/peace/myblog/hexo/node_modules/hexo-renderer-marked/node_modules/hexo-util/node_modules/cross-spawn/node_modules/spawn-sync/error.log for more details
Usage: hexo <command>

Commands:
  clean     Removed generated files and cache.
  config    Get or set configurations.
  deploy    Deploy your website.
  generate  Generate static files.
  help      Get help on a command.
  init      Create a new Hexo folder.
  list      List the information of the site
  migrate   Migrate your site from other system to Hexo.
  new       Create a new post.
  publish   Moves a draft post from _drafts to _posts folder.
  render    Render files with renderer plugins.
  server    Start the server.
  version   Display version information.

Global Options:
  --config  Specify config file instead of using _config.yml
  --cwd     Specify the CWD
  --debug   Display all verbose messages in the terminal
  --draft   Display draft posts
  --safe    Disable all plugins and scripts
  --silent  Hide output on console

For more help, you can use 'hexo help [command]' for the detailed information
or you can check the docs: http://hexo.io/docs/
